#-----------------------------------------------------------
# Vivado v2018.2 (64-bit)
# SW Build 2258646 on Thu Jun 14 20:03:12 MDT 2018
# IP Build 2256618 on Thu Jun 14 22:10:49 MDT 2018
# Start of session at: Sat Jun  8 18:30:51 2019
# Process ID: 173252
# Current directory: G:/ucsdExtension/Fgpa1/final/final_uut
# Command line: vivado.exe -gui_launcher_event rodinguilauncherevent174524 G:\ucsdExtension\Fgpa1\final\final_uut\final_uut.xpr
# Log file: G:/ucsdExtension/Fgpa1/final/final_uut/vivado.log
# Journal file: G:/ucsdExtension/Fgpa1/final/final_uut\vivado.jou
#-----------------------------------------------------------
start_gui
open_project G:/ucsdExtension/Fgpa1/final/final_uut/final_uut.xpr
Scanning sources...
Finished scanning sources
INFO: [IP_Flow 19-234] Refreshing IP repositories
INFO: [IP_Flow 19-1704] No user IP repositories specified
INFO: [IP_Flow 19-2313] Loaded Vivado IP repository 'C:/Xilinx/Vivado/2018.2/data/ip'.
open_project: Time (s): cpu = 00:00:19 ; elapsed = 00:00:15 . Memory (MB): peak = 744.516 ; gain = 64.520
update_compile_order -fileset sources_1
reset_run synth_1
launch_runs impl_1 -to_step write_bitstream -jobs 2
INFO: [Vivado 12-4149] The synthesis checkpoint for IP 'G:/ucsdExtension/Fgpa1/final/final_uut/final_uut.srcs/sources_1/ip/FPGA_CLK/FPGA_CLK.xci' is already up-to-date
[Sat Jun  8 18:33:09 2019] Launched synth_1...
Run output will be captured here: G:/ucsdExtension/Fgpa1/final/final_uut/final_uut.runs/synth_1/runme.log
[Sat Jun  8 18:33:09 2019] Launched impl_1...
Run output will be captured here: G:/ucsdExtension/Fgpa1/final/final_uut/final_uut.runs/impl_1/runme.log
reset_run synth_1
launch_runs synth_1 -jobs 2
INFO: [Vivado 12-4149] The synthesis checkpoint for IP 'G:/ucsdExtension/Fgpa1/final/final_uut/final_uut.srcs/sources_1/ip/FPGA_CLK/FPGA_CLK.xci' is already up-to-date
[Sat Jun  8 18:38:39 2019] Launched synth_1...
Run output will be captured here: G:/ucsdExtension/Fgpa1/final/final_uut/final_uut.runs/synth_1/runme.log
launch_runs impl_1 -jobs 2
INFO: [Vivado 12-4149] The synthesis checkpoint for IP 'G:/ucsdExtension/Fgpa1/final/final_uut/final_uut.srcs/sources_1/ip/FPGA_CLK/FPGA_CLK.xci' is already up-to-date
[Sat Jun  8 18:43:43 2019] Launched impl_1...
Run output will be captured here: G:/ucsdExtension/Fgpa1/final/final_uut/final_uut.runs/impl_1/runme.log
set_property -dict [list CONFIG.CLKOUT3_USED {false} CONFIG.CLKOUT4_USED {false} CONFIG.MMCM_DIVCLK_DIVIDE {1} CONFIG.MMCM_CLKFBOUT_MULT_F {10.000} CONFIG.MMCM_CLKOUT0_DIVIDE_F {20.000} CONFIG.MMCM_CLKOUT1_DIVIDE {10} CONFIG.MMCM_CLKOUT2_DIVIDE {1} CONFIG.MMCM_CLKOUT3_DIVIDE {1} CONFIG.NUM_OUT_CLKS {2} CONFIG.CLKOUT1_JITTER {151.636} CONFIG.CLKOUT1_PHASE_ERROR {98.575} CONFIG.CLKOUT2_JITTER {130.958} CONFIG.CLKOUT2_PHASE_ERROR {98.575}] [get_ips FPGA_CLK]
generate_target all [get_files  G:/ucsdExtension/Fgpa1/final/final_uut/final_uut.srcs/sources_1/ip/FPGA_CLK/FPGA_CLK.xci]
INFO: [IP_Flow 19-1686] Generating 'Instantiation Template' target for IP 'FPGA_CLK'...
INFO: [IP_Flow 19-1686] Generating 'Synthesis' target for IP 'FPGA_CLK'...
INFO: [IP_Flow 19-1686] Generating 'Simulation' target for IP 'FPGA_CLK'...
INFO: [IP_Flow 19-1686] Generating 'Implementation' target for IP 'FPGA_CLK'...
INFO: [IP_Flow 19-1686] Generating 'Change Log' target for IP 'FPGA_CLK'...
catch { config_ip_cache -export [get_ips -all FPGA_CLK] }
export_ip_user_files -of_objects [get_files G:/ucsdExtension/Fgpa1/final/final_uut/final_uut.srcs/sources_1/ip/FPGA_CLK/FPGA_CLK.xci] -no_script -sync -force -quiet
create_ip_run [get_files -of_objects [get_fileset sources_1] G:/ucsdExtension/Fgpa1/final/final_uut/final_uut.srcs/sources_1/ip/FPGA_CLK/FPGA_CLK.xci]
launch_runs -jobs 2 FPGA_CLK_synth_1
[Sat Jun  8 19:13:47 2019] Launched FPGA_CLK_synth_1...
Run output will be captured here: G:/ucsdExtension/Fgpa1/final/final_uut/final_uut.runs/FPGA_CLK_synth_1/runme.log
export_simulation -of_objects [get_files G:/ucsdExtension/Fgpa1/final/final_uut/final_uut.srcs/sources_1/ip/FPGA_CLK/FPGA_CLK.xci] -directory G:/ucsdExtension/Fgpa1/final/final_uut/final_uut.ip_user_files/sim_scripts -ip_user_files_dir G:/ucsdExtension/Fgpa1/final/final_uut/final_uut.ip_user_files -ipstatic_source_dir G:/ucsdExtension/Fgpa1/final/final_uut/final_uut.ip_user_files/ipstatic -lib_map_path [list {modelsim=G:/ucsdExtension/Fgpa1/final/final_uut/final_uut.cache/compile_simlib/modelsim} {questa=G:/ucsdExtension/Fgpa1/final/final_uut/final_uut.cache/compile_simlib/questa} {riviera=G:/ucsdExtension/Fgpa1/final/final_uut/final_uut.cache/compile_simlib/riviera} {activehdl=G:/ucsdExtension/Fgpa1/final/final_uut/final_uut.cache/compile_simlib/activehdl}] -use_ip_compiled_libs -force -quiet
reset_run synth_1
WARNING: [Vivado 12-1017] Problems encountered:
1. Failed to delete one or more files in run directory G:/ucsdExtension/Fgpa1/final/final_uut/final_uut.runs/synth_1

launch_runs synth_1 -jobs 2
[Sat Jun  8 19:14:33 2019] Launched FPGA_CLK_synth_1...
Run output will be captured here: G:/ucsdExtension/Fgpa1/final/final_uut/final_uut.runs/FPGA_CLK_synth_1/runme.log
[Sat Jun  8 19:14:33 2019] Launched synth_1...
Run output will be captured here: G:/ucsdExtension/Fgpa1/final/final_uut/final_uut.runs/synth_1/runme.log
launch_runs impl_1 -jobs 2
[Sat Jun  8 19:16:18 2019] Launched impl_1...
Run output will be captured here: G:/ucsdExtension/Fgpa1/final/final_uut/final_uut.runs/impl_1/runme.log
reset_run synth_1
launch_runs synth_1 -jobs 2
CRITICAL WARNING: [HDL 9-806] Syntax error near "process". [G:/ucsdExtension/Fgpa1/final/final_uut/final_uut.srcs/sources_1/imports/rtl_src/disp_ctrl.vhd:253]
CRITICAL WARNING: [HDL 9-806] Syntax error near "process". [G:/ucsdExtension/Fgpa1/final/final_uut/final_uut.srcs/sources_1/imports/rtl_src/disp_ctrl.vhd:258]
CRITICAL WARNING: [HDL 9-806] Syntax error near "begin". [G:/ucsdExtension/Fgpa1/final/final_uut/final_uut.srcs/sources_1/imports/rtl_src/disp_ctrl.vhd:259]
[Sat Jun  8 19:31:29 2019] Launched synth_1...
Run output will be captured here: G:/ucsdExtension/Fgpa1/final/final_uut/final_uut.runs/synth_1/runme.log
reset_run synth_1
launch_runs synth_1 -jobs 2
CRITICAL WARNING: [HDL 9-806] Syntax error near "process". [G:/ucsdExtension/Fgpa1/final/final_uut/final_uut.srcs/sources_1/imports/rtl_src/disp_ctrl.vhd:253]
CRITICAL WARNING: [HDL 9-806] Syntax error near "process". [G:/ucsdExtension/Fgpa1/final/final_uut/final_uut.srcs/sources_1/imports/rtl_src/disp_ctrl.vhd:258]
CRITICAL WARNING: [HDL 9-806] Syntax error near "begin". [G:/ucsdExtension/Fgpa1/final/final_uut/final_uut.srcs/sources_1/imports/rtl_src/disp_ctrl.vhd:259]
[Sat Jun  8 19:33:23 2019] Launched synth_1...
Run output will be captured here: G:/ucsdExtension/Fgpa1/final/final_uut/final_uut.runs/synth_1/runme.log
reset_run synth_1
launch_runs synth_1 -jobs 2
[Sat Jun  8 19:36:27 2019] Launched synth_1...
Run output will be captured here: G:/ucsdExtension/Fgpa1/final/final_uut/final_uut.runs/synth_1/runme.log
launch_runs impl_1 -jobs 2
[Sat Jun  8 19:37:46 2019] Launched impl_1...
Run output will be captured here: G:/ucsdExtension/Fgpa1/final/final_uut/final_uut.runs/impl_1/runme.log
launch_runs impl_1 -to_step write_bitstream -jobs 2
[Sat Jun  8 19:40:34 2019] Launched impl_1...
Run output will be captured here: G:/ucsdExtension/Fgpa1/final/final_uut/final_uut.runs/impl_1/runme.log
open_run impl_1
INFO: [Netlist 29-17] Analyzing 23 Unisim elements for replacement
INFO: [Netlist 29-28] Unisim Transformation completed in 0 CPU seconds
INFO: [Project 1-479] Netlist was created with Vivado 2018.2
INFO: [Device 21-403] Loading part xc7a100tcsg324-2
INFO: [Project 1-570] Preparing netlist for logic optimization
INFO: [Timing 38-478] Restoring timing data from binary archive.
INFO: [Timing 38-479] Binary timing data restore complete.
INFO: [Project 1-856] Restoring constraints from binary archive.
INFO: [Project 1-853] Binary constraint restore complete.
Reading XDEF placement.
Reading placer database...
Reading XDEF routing.
Read XDEF File: Time (s): cpu = 00:00:00 ; elapsed = 00:00:00.086 . Memory (MB): peak = 1793.316 ; gain = 0.000
Restored from archive | CPU: 0.000000 secs | Memory: 0.000000 MB |
Finished XDEF File Restore: Time (s): cpu = 00:00:00 ; elapsed = 00:00:00.086 . Memory (MB): peak = 1793.316 ; gain = 0.000
INFO: [Project 1-111] Unisim Transformation Summary:
No Unisim elements were transformed.

open_run: Time (s): cpu = 00:00:34 ; elapsed = 00:00:31 . Memory (MB): peak = 1886.332 ; gain = 803.832
open_hw
connect_hw_server -url localhost:3121
INFO: [Labtools 27-2285] Connecting to hw_server url TCP:localhost:3121
INFO: [Labtools 27-2222] Launching hw_server...
INFO: [Labtools 27-2221] Launch Output:

****** Xilinx hw_server v2018.2
  **** Build date : Jun 14 2018-20:42:52
    ** Copyright 1986-2018 Xilinx, Inc. All Rights Reserved.


current_hw_target [get_hw_targets */xilinx_tcf/Digilent/210292ABF96AA]
set_property PARAM.FREQUENCY 15000000 [get_hw_targets */xilinx_tcf/Digilent/210292ABF96AA]
open_hw_target
INFO: [Labtoolstcl 44-466] Opening hw_target localhost:3121/xilinx_tcf/Digilent/210292ABF96AA
set_property PROGRAM.FILE {G:/ucsdExtension/Fgpa1/final/final_uut/final_uut.runs/impl_1/disp_ctrl.bit} [get_hw_devices xc7a100t_0]
current_hw_device [get_hw_devices xc7a100t_0]
refresh_hw_device -update_hw_probes false [lindex [get_hw_devices xc7a100t_0] 0]
INFO: [Labtools 27-1434] Device xc7a100t (JTAG device index = 0) is programmed with a design that has no supported debug core(s) in it.
WARNING: [Labtools 27-3361] The debug hub core was not detected.
Resolution: 
1. Make sure the clock connected to the debug hub (dbg_hub) core is a free running clock and is active.
2. Make sure the BSCAN_SWITCH_USER_MASK device property in Vivado Hardware Manager reflects the user scan chain setting in the design and refresh the device.  To determine the user scan chain setting in the design, open the implemented design and use 'get_property C_USER_SCAN_CHAIN [get_debug_cores dbg_hub]'.
For more details on setting the scan chain property, consult the Vivado Debug and Programming User Guide (UG908).
set_property PROBES.FILE {} [get_hw_devices xc7a100t_0]
set_property FULL_PROBES.FILE {} [get_hw_devices xc7a100t_0]
set_property PROGRAM.FILE {G:/ucsdExtension/Fgpa1/final/final_uut/final_uut.runs/impl_1/disp_ctrl.bit} [get_hw_devices xc7a100t_0]
program_hw_devices [get_hw_devices xc7a100t_0]
INFO: [Labtools 27-3164] End of startup status: HIGH
refresh_hw_device [lindex [get_hw_devices xc7a100t_0] 0]
INFO: [Labtools 27-1434] Device xc7a100t (JTAG device index = 0) is programmed with a design that has no supported debug core(s) in it.
WARNING: [Labtools 27-3361] The debug hub core was not detected.
Resolution: 
1. Make sure the clock connected to the debug hub (dbg_hub) core is a free running clock and is active.
2. Make sure the BSCAN_SWITCH_USER_MASK device property in Vivado Hardware Manager reflects the user scan chain setting in the design and refresh the device.  To determine the user scan chain setting in the design, open the implemented design and use 'get_property C_USER_SCAN_CHAIN [get_debug_cores dbg_hub]'.
For more details on setting the scan chain property, consult the Vivado Debug and Programming User Guide (UG908).
reset_run synth_1
WARNING: [Vivado 12-1017] Problems encountered:
1. Failed to delete one or more files in run directory G:/ucsdExtension/Fgpa1/final/final_uut/final_uut.runs/synth_1

launch_runs impl_1 -to_step write_bitstream -jobs 2
[Sat Jun  8 19:53:28 2019] Launched synth_1...
Run output will be captured here: G:/ucsdExtension/Fgpa1/final/final_uut/final_uut.runs/synth_1/runme.log
[Sat Jun  8 19:53:28 2019] Launched impl_1...
Run output will be captured here: G:/ucsdExtension/Fgpa1/final/final_uut/final_uut.runs/impl_1/runme.log
reset_run impl_1 -prev_step 
launch_runs impl_1 -to_step write_bitstream -jobs 2
[Sat Jun  8 19:58:22 2019] Launched impl_1...
Run output will be captured here: G:/ucsdExtension/Fgpa1/final/final_uut/final_uut.runs/impl_1/runme.log
WARNING: [Common 17-9] Error reading message records.
reset_run synth_1
WARNING: [Vivado 12-1017] Problems encountered:
1. Failed to delete one or more files in run directory G:/ucsdExtension/Fgpa1/final/final_uut/final_uut.runs/synth_1

launch_runs impl_1 -to_step write_bitstream -jobs 2
[Sat Jun  8 20:01:09 2019] Launched synth_1...
Run output will be captured here: G:/ucsdExtension/Fgpa1/final/final_uut/final_uut.runs/synth_1/runme.log
[Sat Jun  8 20:01:09 2019] Launched impl_1...
Run output will be captured here: G:/ucsdExtension/Fgpa1/final/final_uut/final_uut.runs/impl_1/runme.log
set_property PROBES.FILE {} [get_hw_devices xc7a100t_0]
set_property FULL_PROBES.FILE {} [get_hw_devices xc7a100t_0]
set_property PROGRAM.FILE {G:/ucsdExtension/Fgpa1/final/final_uut/final_uut.runs/impl_1/disp_ctrl.bit} [get_hw_devices xc7a100t_0]
program_hw_devices [get_hw_devices xc7a100t_0]
INFO: [Labtools 27-3164] End of startup status: HIGH
refresh_hw_device [lindex [get_hw_devices xc7a100t_0] 0]
INFO: [Labtools 27-1434] Device xc7a100t (JTAG device index = 0) is programmed with a design that has no supported debug core(s) in it.
WARNING: [Labtools 27-3361] The debug hub core was not detected.
Resolution: 
1. Make sure the clock connected to the debug hub (dbg_hub) core is a free running clock and is active.
2. Make sure the BSCAN_SWITCH_USER_MASK device property in Vivado Hardware Manager reflects the user scan chain setting in the design and refresh the device.  To determine the user scan chain setting in the design, open the implemented design and use 'get_property C_USER_SCAN_CHAIN [get_debug_cores dbg_hub]'.
For more details on setting the scan chain property, consult the Vivado Debug and Programming User Guide (UG908).
reset_run synth_1
WARNING: [Vivado 12-1017] Problems encountered:
1. Failed to delete one or more files in run directory G:/ucsdExtension/Fgpa1/final/final_uut/final_uut.runs/synth_1

launch_runs impl_1 -to_step write_bitstream -jobs 2
[Sat Jun  8 20:15:33 2019] Launched synth_1...
Run output will be captured here: G:/ucsdExtension/Fgpa1/final/final_uut/final_uut.runs/synth_1/runme.log
[Sat Jun  8 20:15:33 2019] Launched impl_1...
Run output will be captured here: G:/ucsdExtension/Fgpa1/final/final_uut/final_uut.runs/impl_1/runme.log
set_property PROBES.FILE {} [get_hw_devices xc7a100t_0]
set_property FULL_PROBES.FILE {} [get_hw_devices xc7a100t_0]
set_property PROGRAM.FILE {G:/ucsdExtension/Fgpa1/final/final_uut/final_uut.runs/impl_1/disp_ctrl.bit} [get_hw_devices xc7a100t_0]
program_hw_devices [get_hw_devices xc7a100t_0]
INFO: [Labtools 27-3164] End of startup status: HIGH
refresh_hw_device [lindex [get_hw_devices xc7a100t_0] 0]
INFO: [Labtools 27-1434] Device xc7a100t (JTAG device index = 0) is programmed with a design that has no supported debug core(s) in it.
WARNING: [Labtools 27-3361] The debug hub core was not detected.
Resolution: 
1. Make sure the clock connected to the debug hub (dbg_hub) core is a free running clock and is active.
2. Make sure the BSCAN_SWITCH_USER_MASK device property in Vivado Hardware Manager reflects the user scan chain setting in the design and refresh the device.  To determine the user scan chain setting in the design, open the implemented design and use 'get_property C_USER_SCAN_CHAIN [get_debug_cores dbg_hub]'.
For more details on setting the scan chain property, consult the Vivado Debug and Programming User Guide (UG908).
reset_run synth_1
WARNING: [Vivado 12-1017] Problems encountered:
1. Failed to delete one or more files in run directory G:/ucsdExtension/Fgpa1/final/final_uut/final_uut.runs/synth_1

launch_runs impl_1 -to_step write_bitstream -jobs 2
[Sat Jun  8 20:24:36 2019] Launched synth_1...
Run output will be captured here: G:/ucsdExtension/Fgpa1/final/final_uut/final_uut.runs/synth_1/runme.log
[Sat Jun  8 20:24:36 2019] Launched impl_1...
Run output will be captured here: G:/ucsdExtension/Fgpa1/final/final_uut/final_uut.runs/impl_1/runme.log
set_property PROBES.FILE {} [get_hw_devices xc7a100t_0]
set_property FULL_PROBES.FILE {} [get_hw_devices xc7a100t_0]
set_property PROGRAM.FILE {G:/ucsdExtension/Fgpa1/final/final_uut/final_uut.runs/impl_1/disp_ctrl.bit} [get_hw_devices xc7a100t_0]
program_hw_devices [get_hw_devices xc7a100t_0]
INFO: [Labtools 27-3164] End of startup status: HIGH
refresh_hw_device [lindex [get_hw_devices xc7a100t_0] 0]
INFO: [Labtools 27-1434] Device xc7a100t (JTAG device index = 0) is programmed with a design that has no supported debug core(s) in it.
WARNING: [Labtools 27-3361] The debug hub core was not detected.
Resolution: 
1. Make sure the clock connected to the debug hub (dbg_hub) core is a free running clock and is active.
2. Make sure the BSCAN_SWITCH_USER_MASK device property in Vivado Hardware Manager reflects the user scan chain setting in the design and refresh the device.  To determine the user scan chain setting in the design, open the implemented design and use 'get_property C_USER_SCAN_CHAIN [get_debug_cores dbg_hub]'.
For more details on setting the scan chain property, consult the Vivado Debug and Programming User Guide (UG908).
reset_run synth_1
WARNING: [Vivado 12-1017] Problems encountered:
1. Failed to delete one or more files in run directory G:/ucsdExtension/Fgpa1/final/final_uut/final_uut.runs/synth_1

launch_runs impl_1 -to_step write_bitstream -jobs 2
[Sat Jun  8 20:42:26 2019] Launched synth_1...
Run output will be captured here: G:/ucsdExtension/Fgpa1/final/final_uut/final_uut.runs/synth_1/runme.log
[Sat Jun  8 20:42:26 2019] Launched impl_1...
Run output will be captured here: G:/ucsdExtension/Fgpa1/final/final_uut/final_uut.runs/impl_1/runme.log
reset_run synth_1
WARNING: [Vivado 12-1017] Problems encountered:
1. Failed to delete one or more files in run directory G:/ucsdExtension/Fgpa1/final/final_uut/final_uut.runs/synth_1

launch_runs impl_1 -to_step write_bitstream -jobs 2
[Sat Jun  8 20:48:14 2019] Launched synth_1...
Run output will be captured here: G:/ucsdExtension/Fgpa1/final/final_uut/final_uut.runs/synth_1/runme.log
[Sat Jun  8 20:48:14 2019] Launched impl_1...
Run output will be captured here: G:/ucsdExtension/Fgpa1/final/final_uut/final_uut.runs/impl_1/runme.log
set_property PROBES.FILE {} [get_hw_devices xc7a100t_0]
set_property FULL_PROBES.FILE {} [get_hw_devices xc7a100t_0]
set_property PROGRAM.FILE {G:/ucsdExtension/Fgpa1/final/final_uut/final_uut.runs/impl_1/disp_ctrl.bit} [get_hw_devices xc7a100t_0]
program_hw_devices [get_hw_devices xc7a100t_0]
INFO: [Labtools 27-3164] End of startup status: HIGH
refresh_hw_device [lindex [get_hw_devices xc7a100t_0] 0]
INFO: [Labtools 27-1434] Device xc7a100t (JTAG device index = 0) is programmed with a design that has no supported debug core(s) in it.
WARNING: [Labtools 27-3361] The debug hub core was not detected.
Resolution: 
1. Make sure the clock connected to the debug hub (dbg_hub) core is a free running clock and is active.
2. Make sure the BSCAN_SWITCH_USER_MASK device property in Vivado Hardware Manager reflects the user scan chain setting in the design and refresh the device.  To determine the user scan chain setting in the design, open the implemented design and use 'get_property C_USER_SCAN_CHAIN [get_debug_cores dbg_hub]'.
For more details on setting the scan chain property, consult the Vivado Debug and Programming User Guide (UG908).
ERROR: [Labtoolstcl 44-513] HW Target shutdown. Closing target: localhost:3121/xilinx_tcf/Digilent/210292ABF96AA
INFO: [Labtoolstcl 44-466] Opening hw_target localhost:3121/xilinx_tcf/Digilent/210292ABF96AA
INFO: [Labtools 27-1435] Device xc7a100t (JTAG device index = 0) is not programmed (DONE status = 0).
WARNING: [Labtoolstcl 44-129] No matching hw_ila_data was found.
ERROR: [Labtoolstcl 44-513] HW Target shutdown. Closing target: localhost:3121/xilinx_tcf/Digilent/210292ABF96AA
INFO: [Labtoolstcl 44-466] Opening hw_target localhost:3121/xilinx_tcf/Digilent/210292ABF96AA
INFO: [Labtools 27-1435] Device xc7a100t (JTAG device index = 0) is not programmed (DONE status = 0).
WARNING: [Labtoolstcl 44-129] No matching hw_ila_data was found.
set_property PROBES.FILE {} [get_hw_devices xc7a100t_0]
set_property FULL_PROBES.FILE {} [get_hw_devices xc7a100t_0]
set_property PROGRAM.FILE {G:/ucsdExtension/Fgpa1/final/final_uut/final_uut.runs/impl_1/disp_ctrl.bit} [get_hw_devices xc7a100t_0]
program_hw_devices [get_hw_devices xc7a100t_0]
INFO: [Labtools 27-3164] End of startup status: HIGH
refresh_hw_device [lindex [get_hw_devices xc7a100t_0] 0]
INFO: [Labtools 27-1434] Device xc7a100t (JTAG device index = 0) is programmed with a design that has no supported debug core(s) in it.
WARNING: [Labtools 27-3361] The debug hub core was not detected.
Resolution: 
1. Make sure the clock connected to the debug hub (dbg_hub) core is a free running clock and is active.
2. Make sure the BSCAN_SWITCH_USER_MASK device property in Vivado Hardware Manager reflects the user scan chain setting in the design and refresh the device.  To determine the user scan chain setting in the design, open the implemented design and use 'get_property C_USER_SCAN_CHAIN [get_debug_cores dbg_hub]'.
For more details on setting the scan chain property, consult the Vivado Debug and Programming User Guide (UG908).
exit
INFO: [Common 17-206] Exiting Vivado at Sat Jun  8 23:22:17 2019...
